Analysis & Synthesis report for tx_uart
Thu Nov 23 14:16:21 2023
Quartus II 64-Bit Version 13.0.1 Build 232 06/12/2013 Service Pack 1 SJ Full Version


---------------------
; Table of Contents ;
---------------------
  1. Legal Notice
  2. Analysis & Synthesis Summary
  3. Analysis & Synthesis Settings
  4. Parallel Compilation
  5. Analysis & Synthesis Source Files Read
  6. Analysis & Synthesis Resource Usage Summary
  7. Analysis & Synthesis Resource Utilization by Entity
  8. General Register Statistics
  9. Inverted Register Statistics
 10. Multiplexer Restructuring Statistics (Restructuring Performed)
 11. Parameter Settings for User Entity Instance: tx_controller:inst4
 12. Parameter Settings for User Entity Instance: tx_single_pulser:inst
 13. Elapsed Time Per Partition
 14. Analysis & Synthesis Messages



----------------
; Legal Notice ;
----------------
Copyright (C) 1991-2013 Altera Corporation
Your use of Altera Corporation's design tools, logic functions 
and other software and tools, and its AMPP partner logic 
functions, and any output files from any of the foregoing 
(including device programming or simulation files), and any 
associated documentation or information are expressly subject 
to the terms and conditions of the Altera Program License 
Subscription Agreement, Altera MegaCore Function License 
Agreement, or other applicable license agreement, including, 
without limitation, that your use is for the sole purpose of 
programming logic devices manufactured by Altera and sold by 
Altera or its authorized distributors.  Please refer to the 
applicable agreement for further details.



+---------------------------------------------------------------------------------------+
; Analysis & Synthesis Summary                                                          ;
+------------------------------------+--------------------------------------------------+
; Analysis & Synthesis Status        ; Successful - Thu Nov 23 14:16:21 2023            ;
; Quartus II 64-Bit Version          ; 13.0.1 Build 232 06/12/2013 SP 1 SJ Full Version ;
; Revision Name                      ; tx_uart                                          ;
; Top-level Entity Name              ; tx_uart                                          ;
; Family                             ; Cyclone II                                       ;
; Total logic elements               ; 59                                               ;
;     Total combinational functions  ; 59                                               ;
;     Dedicated logic registers      ; 32                                               ;
; Total registers                    ; 32                                               ;
; Total pins                         ; 29                                               ;
; Total virtual pins                 ; 0                                                ;
; Total memory bits                  ; 0                                                ;
; Embedded Multiplier 9-bit elements ; 0                                                ;
; Total PLLs                         ; 0                                                ;
+------------------------------------+--------------------------------------------------+


+----------------------------------------------------------------------------------------------------------------------+
; Analysis & Synthesis Settings                                                                                        ;
+----------------------------------------------------------------------------+--------------------+--------------------+
; Option                                                                     ; Setting            ; Default Value      ;
+----------------------------------------------------------------------------+--------------------+--------------------+
; Device                                                                     ; EP2C35F672C6       ;                    ;
; Top-level entity name                                                      ; tx_uart            ; tx_uart            ;
; Family name                                                                ; Cyclone II         ; Cyclone IV GX      ;
; Use smart compilation                                                      ; Off                ; Off                ;
; Enable parallel Assembler and TimeQuest Timing Analyzer during compilation ; On                 ; On                 ;
; Enable compact report table                                                ; Off                ; Off                ;
; Restructure Multiplexers                                                   ; Auto               ; Auto               ;
; Create Debugging Nodes for IP Cores                                        ; Off                ; Off                ;
; Preserve fewer node names                                                  ; On                 ; On                 ;
; Disable OpenCore Plus hardware evaluation                                  ; Off                ; Off                ;
; Verilog Version                                                            ; Verilog_2001       ; Verilog_2001       ;
; VHDL Version                                                               ; VHDL_1993          ; VHDL_1993          ;
; State Machine Processing                                                   ; Auto               ; Auto               ;
; Safe State Machine                                                         ; Off                ; Off                ;
; Extract Verilog State Machines                                             ; On                 ; On                 ;
; Extract VHDL State Machines                                                ; On                 ; On                 ;
; Ignore Verilog initial constructs                                          ; Off                ; Off                ;
; Iteration limit for constant Verilog loops                                 ; 5000               ; 5000               ;
; Iteration limit for non-constant Verilog loops                             ; 250                ; 250                ;
; Add Pass-Through Logic to Inferred RAMs                                    ; On                 ; On                 ;
; Infer RAMs from Raw Logic                                                  ; On                 ; On                 ;
; Parallel Synthesis                                                         ; On                 ; On                 ;
; DSP Block Balancing                                                        ; Auto               ; Auto               ;
; NOT Gate Push-Back                                                         ; On                 ; On                 ;
; Power-Up Don't Care                                                        ; On                 ; On                 ;
; Remove Redundant Logic Cells                                               ; Off                ; Off                ;
; Remove Duplicate Registers                                                 ; On                 ; On                 ;
; Ignore CARRY Buffers                                                       ; Off                ; Off                ;
; Ignore CASCADE Buffers                                                     ; Off                ; Off                ;
; Ignore GLOBAL Buffers                                                      ; Off                ; Off                ;
; Ignore ROW GLOBAL Buffers                                                  ; Off                ; Off                ;
; Ignore LCELL Buffers                                                       ; Off                ; Off                ;
; Ignore SOFT Buffers                                                        ; On                 ; On                 ;
; Limit AHDL Integers to 32 Bits                                             ; Off                ; Off                ;
; Optimization Technique                                                     ; Balanced           ; Balanced           ;
; Carry Chain Length                                                         ; 70                 ; 70                 ;
; Auto Carry Chains                                                          ; On                 ; On                 ;
; Auto Open-Drain Pins                                                       ; On                 ; On                 ;
; Perform WYSIWYG Primitive Resynthesis                                      ; Off                ; Off                ;
; Auto ROM Replacement                                                       ; On                 ; On                 ;
; Auto RAM Replacement                                                       ; On                 ; On                 ;
; Auto Shift Register Replacement                                            ; Auto               ; Auto               ;
; Allow Shift Register Merging across Hierarchies                            ; Auto               ; Auto               ;
; Auto Clock Enable Replacement                                              ; On                 ; On                 ;
; Strict RAM Replacement                                                     ; Off                ; Off                ;
; Allow Synchronous Control Signals                                          ; On                 ; On                 ;
; Force Use of Synchronous Clear Signals                                     ; Off                ; Off                ;
; Auto RAM to Logic Cell Conversion                                          ; Off                ; Off                ;
; Auto Resource Sharing                                                      ; Off                ; Off                ;
; Allow Any RAM Size For Recognition                                         ; Off                ; Off                ;
; Allow Any ROM Size For Recognition                                         ; Off                ; Off                ;
; Allow Any Shift Register Size For Recognition                              ; Off                ; Off                ;
; Use LogicLock Constraints during Resource Balancing                        ; On                 ; On                 ;
; Ignore translate_off and synthesis_off directives                          ; Off                ; Off                ;
; Timing-Driven Synthesis                                                    ; Off                ; Off                ;
; Report Parameter Settings                                                  ; On                 ; On                 ;
; Report Source Assignments                                                  ; On                 ; On                 ;
; Report Connectivity Checks                                                 ; On                 ; On                 ;
; Ignore Maximum Fan-Out Assignments                                         ; Off                ; Off                ;
; Synchronization Register Chain Length                                      ; 2                  ; 2                  ;
; PowerPlay Power Optimization                                               ; Normal compilation ; Normal compilation ;
; HDL message level                                                          ; Level2             ; Level2             ;
; Suppress Register Optimization Related Messages                            ; Off                ; Off                ;
; Number of Removed Registers Reported in Synthesis Report                   ; 5000               ; 5000               ;
; Number of Swept Nodes Reported in Synthesis Report                         ; 5000               ; 5000               ;
; Number of Inverted Registers Reported in Synthesis Report                  ; 100                ; 100                ;
; Clock MUX Protection                                                       ; On                 ; On                 ;
; Auto Gated Clock Conversion                                                ; Off                ; Off                ;
; Block Design Naming                                                        ; Auto               ; Auto               ;
; SDC constraint protection                                                  ; Off                ; Off                ;
; Synthesis Effort                                                           ; Auto               ; Auto               ;
; Shift Register Replacement - Allow Asynchronous Clear Signal               ; On                 ; On                 ;
; Pre-Mapping Resynthesis Optimization                                       ; Off                ; Off                ;
; Analysis & Synthesis Message Level                                         ; Medium             ; Medium             ;
; Disable Register Merging Across Hierarchies                                ; Auto               ; Auto               ;
; Resource Aware Inference For Block RAM                                     ; On                 ; On                 ;
; Synthesis Seed                                                             ; 1                  ; 1                  ;
+----------------------------------------------------------------------------+--------------------+--------------------+


+------------------------------------------+
; Parallel Compilation                     ;
+----------------------------+-------------+
; Processors                 ; Number      ;
+----------------------------+-------------+
; Number detected on machine ; 16          ;
; Maximum allowed            ; 8           ;
;                            ;             ;
; Average used               ; 1.00        ;
; Maximum used               ; 1           ;
;                            ;             ;
; Usage by Processor         ; % Time Used ;
;     Processor 1            ; 100.0%      ;
;     Processors 2-16        ;   0.0%      ;
+----------------------------+-------------+


+-------------------------------------------------------------------------------------------------------------------------------------------------------------------------------------------+
; Analysis & Synthesis Source Files Read                                                                                                                                                    ;
+------------------------------------------+-----------------+------------------------------------+-------------------------------------------------------------------------------+---------+
; File Name with User-Entered Path         ; Used in Netlist ; File Type                          ; File Name with Absolute Path                                                  ; Library ;
+------------------------------------------+-----------------+------------------------------------+-------------------------------------------------------------------------------+---------+
; ../tx_single_pulser/tx_single_pulser.v   ; yes             ; User Verilog HDL File              ; M:/ELEC473/projects/ELEC473_assignment1/tx_single_pulser/tx_single_pulser.v   ;         ;
; ../tx_shift_register/tx_shift_register.v ; yes             ; User Verilog HDL File              ; M:/ELEC473/projects/ELEC473_assignment1/tx_shift_register/tx_shift_register.v ;         ;
; ../tx_parity/tx_parity.v                 ; yes             ; User Verilog HDL File              ; M:/ELEC473/projects/ELEC473_assignment1/tx_parity/tx_parity.v                 ;         ;
; ../tx_counter/tx_counter.v               ; yes             ; User Verilog HDL File              ; M:/ELEC473/projects/ELEC473_assignment1/tx_counter/tx_counter.v               ;         ;
; ../tx_controller/tx_controller.v         ; yes             ; User Verilog HDL File              ; M:/ELEC473/projects/ELEC473_assignment1/tx_controller/tx_controller.v         ;         ;
; ../tx_baud_counter/tx_baud_counter.v     ; yes             ; User Verilog HDL File              ; M:/ELEC473/projects/ELEC473_assignment1/tx_baud_counter/tx_baud_counter.v     ;         ;
; ../tx_7segdecoder/tx_7segdecoder.v       ; yes             ; User Verilog HDL File              ; M:/ELEC473/projects/ELEC473_assignment1/tx_7segdecoder/tx_7segdecoder.v       ;         ;
; tx_uart.bdf                              ; yes             ; User Block Diagram/Schematic File  ; M:/ELEC473/projects/ELEC473_assignment1/tx_uart/tx_uart.bdf                   ;         ;
+------------------------------------------+-----------------+------------------------------------+-------------------------------------------------------------------------------+---------+


+--------------------------------------------------------+
; Analysis & Synthesis Resource Usage Summary            ;
+---------------------------------------------+----------+
; Resource                                    ; Usage    ;
+---------------------------------------------+----------+
; Estimated Total logic elements              ; 59       ;
;                                             ;          ;
; Total combinational functions               ; 59       ;
; Logic element usage by number of LUT inputs ;          ;
;     -- 4 input functions                    ; 25       ;
;     -- 3 input functions                    ; 16       ;
;     -- <=2 input functions                  ; 18       ;
;                                             ;          ;
; Logic elements by mode                      ;          ;
;     -- normal mode                          ; 46       ;
;     -- arithmetic mode                      ; 13       ;
;                                             ;          ;
; Total registers                             ; 32       ;
;     -- Dedicated logic registers            ; 32       ;
;     -- I/O registers                        ; 0        ;
;                                             ;          ;
; I/O pins                                    ; 29       ;
; Embedded Multiplier 9-bit elements          ; 0        ;
; Maximum fan-out node                        ; CLOCK_50 ;
; Maximum fan-out                             ; 32       ;
; Total fan-out                               ; 292      ;
; Average fan-out                             ; 2.43     ;
+---------------------------------------------+----------+


+--------------------------------------------------------------------------------------------------------------------------------------------------------------------------------------------+
; Analysis & Synthesis Resource Utilization by Entity                                                                                                                                        ;
+------------------------------+-------------------+--------------+-------------+--------------+---------+-----------+------+--------------+----------------------------------+--------------+
; Compilation Hierarchy Node   ; LC Combinationals ; LC Registers ; Memory Bits ; DSP Elements ; DSP 9x9 ; DSP 18x18 ; Pins ; Virtual Pins ; Full Hierarchy Name              ; Library Name ;
+------------------------------+-------------------+--------------+-------------+--------------+---------+-----------+------+--------------+----------------------------------+--------------+
; |tx_uart                     ; 59 (0)            ; 32 (0)       ; 0           ; 0            ; 0       ; 0         ; 29   ; 0            ; |tx_uart                         ; work         ;
;    |tx_7segdecoder:inst2|    ; 14 (14)           ; 0 (0)        ; 0           ; 0            ; 0       ; 0         ; 0    ; 0            ; |tx_uart|tx_7segdecoder:inst2    ; work         ;
;    |tx_baud_counter:inst3|   ; 15 (15)           ; 11 (11)      ; 0           ; 0            ; 0       ; 0         ; 0    ; 0            ; |tx_uart|tx_baud_counter:inst3   ; work         ;
;    |tx_controller:inst4|     ; 8 (8)             ; 4 (4)        ; 0           ; 0            ; 0       ; 0         ; 0    ; 0            ; |tx_uart|tx_controller:inst4     ; work         ;
;    |tx_counter:inst5|        ; 6 (6)             ; 4 (4)        ; 0           ; 0            ; 0       ; 0         ; 0    ; 0            ; |tx_uart|tx_counter:inst5        ; work         ;
;    |tx_parity:inst1|         ; 1 (1)             ; 0 (0)        ; 0           ; 0            ; 0       ; 0         ; 0    ; 0            ; |tx_uart|tx_parity:inst1         ; work         ;
;    |tx_shift_register:inst6| ; 13 (13)           ; 11 (11)      ; 0           ; 0            ; 0       ; 0         ; 0    ; 0            ; |tx_uart|tx_shift_register:inst6 ; work         ;
;    |tx_single_pulser:inst|   ; 2 (2)             ; 2 (2)        ; 0           ; 0            ; 0       ; 0         ; 0    ; 0            ; |tx_uart|tx_single_pulser:inst   ; work         ;
+------------------------------+-------------------+--------------+-------------+--------------+---------+-----------+------+--------------+----------------------------------+--------------+
Note: For table entries with two numbers listed, the numbers in parentheses indicate the number of resources of the given type used by the specific entity alone. The numbers listed outside of parentheses indicate the total resources of the given type used by the specific entity and all of its sub-entities in the hierarchy.


+------------------------------------------------------+
; General Register Statistics                          ;
+----------------------------------------------+-------+
; Statistic                                    ; Value ;
+----------------------------------------------+-------+
; Total registers                              ; 32    ;
; Number of registers using Synchronous Clear  ; 17    ;
; Number of registers using Synchronous Load   ; 0     ;
; Number of registers using Asynchronous Clear ; 0     ;
; Number of registers using Asynchronous Load  ; 0     ;
; Number of registers using Clock Enable       ; 10    ;
; Number of registers using Preset             ; 0     ;
+----------------------------------------------+-------+


+---------------------------------------------------+
; Inverted Register Statistics                      ;
+-----------------------------------------+---------+
; Inverted Register                       ; Fan out ;
+-----------------------------------------+---------+
; tx_shift_register:inst6|tmp_data[0]     ; 1       ;
; tx_shift_register:inst6|tmp_data[1]     ; 1       ;
; tx_shift_register:inst6|tmp_data[2]     ; 1       ;
; tx_shift_register:inst6|tmp_data[3]     ; 1       ;
; tx_shift_register:inst6|tmp_data[4]     ; 1       ;
; tx_shift_register:inst6|tmp_data[5]     ; 1       ;
; tx_shift_register:inst6|tmp_data[6]     ; 1       ;
; tx_shift_register:inst6|tmp_data[7]     ; 1       ;
; tx_shift_register:inst6|tmp_data[8]     ; 1       ;
; tx_shift_register:inst6|tmp_data[9]     ; 1       ;
; Total number of inverted registers = 10 ;         ;
+-----------------------------------------+---------+


+-------------------------------------------------------------------------------------------------------------------------------------------------------------+
; Multiplexer Restructuring Statistics (Restructuring Performed)                                                                                              ;
+--------------------+-----------+---------------+----------------------+------------------------+------------+-----------------------------------------------+
; Multiplexer Inputs ; Bus Width ; Baseline Area ; Area if Restructured ; Saving if Restructured ; Registered ; Example Multiplexer Output                    ;
+--------------------+-----------+---------------+----------------------+------------------------+------------+-----------------------------------------------+
; 3:1                ; 4 bits    ; 8 LEs         ; 4 LEs                ; 4 LEs                  ; Yes        ; |tx_uart|tx_counter:inst5|count[0]            ;
; 3:1                ; 11 bits   ; 22 LEs        ; 11 LEs               ; 11 LEs                 ; Yes        ; |tx_uart|tx_baud_counter:inst3|count[0]       ;
; 5:1                ; 2 bits    ; 6 LEs         ; 4 LEs                ; 2 LEs                  ; Yes        ; |tx_uart|tx_controller:inst4|current_state[1] ;
; 4:1                ; 2 bits    ; 4 LEs         ; 4 LEs                ; 0 LEs                  ; Yes        ; |tx_uart|tx_shift_register:inst6|tmp_data[1]  ;
; 4:1                ; 8 bits    ; 16 LEs        ; 16 LEs               ; 0 LEs                  ; Yes        ; |tx_uart|tx_shift_register:inst6|tmp_data[3]  ;
+--------------------+-----------+---------------+----------------------+------------------------+------------+-----------------------------------------------+


+------------------------------------------------------------------+
; Parameter Settings for User Entity Instance: tx_controller:inst4 ;
+----------------+-------+-----------------------------------------+
; Parameter Name ; Value ; Type                                    ;
+----------------+-------+-----------------------------------------+
; state_0        ; 00    ; Unsigned Binary                         ;
; state_load     ; 01    ; Unsigned Binary                         ;
; state_shift    ; 10    ; Unsigned Binary                         ;
+----------------+-------+-----------------------------------------+
Note: In order to hide this table in the UI and the text report file, please set the "Show Parameter Settings in Synthesis Report" option in "Analysis and Synthesis Settings -> More Settings" to "Off".


+--------------------------------------------------------------------+
; Parameter Settings for User Entity Instance: tx_single_pulser:inst ;
+----------------+-------+-------------------------------------------+
; Parameter Name ; Value ; Type                                      ;
+----------------+-------+-------------------------------------------+
; wait_h         ; 0     ; Unsigned Binary                           ;
; wait_l         ; 1     ; Unsigned Binary                           ;
+----------------+-------+-------------------------------------------+
Note: In order to hide this table in the UI and the text report file, please set the "Show Parameter Settings in Synthesis Report" option in "Analysis and Synthesis Settings -> More Settings" to "Off".


+-------------------------------+
; Elapsed Time Per Partition    ;
+----------------+--------------+
; Partition Name ; Elapsed Time ;
+----------------+--------------+
; Top            ; 00:00:00     ;
+----------------+--------------+


+-------------------------------+
; Analysis & Synthesis Messages ;
+-------------------------------+
Info: *******************************************************************
Info: Running Quartus II 64-Bit Analysis & Synthesis
    Info: Version 13.0.1 Build 232 06/12/2013 Service Pack 1 SJ Full Version
    Info: Processing started: Thu Nov 23 14:16:19 2023
Info: Command: quartus_map --read_settings_files=on --write_settings_files=off tx_uart -c tx_uart
Info (11104): Parallel Compilation has detected 16 hyper-threaded processors. However, the extra hyper-threaded processors will not be used by default. Parallel Compilation will use 8 of the 8 physical processors detected instead.
Info (12021): Found 1 design units, including 1 entities, in source file /elec473/projects/elec473_assignment1/tx_single_pulser/tx_single_pulser.v
    Info (12023): Found entity 1: tx_single_pulser
Info (12021): Found 1 design units, including 1 entities, in source file /elec473/projects/elec473_assignment1/tx_shift_register/tx_shift_register.v
    Info (12023): Found entity 1: tx_shift_register
Info (12021): Found 1 design units, including 1 entities, in source file /elec473/projects/elec473_assignment1/tx_parity/tx_parity.v
    Info (12023): Found entity 1: tx_parity
Info (12021): Found 1 design units, including 1 entities, in source file /elec473/projects/elec473_assignment1/tx_counter/tx_counter.v
    Info (12023): Found entity 1: tx_counter
Info (12021): Found 1 design units, including 1 entities, in source file /elec473/projects/elec473_assignment1/tx_controller/tx_controller.v
    Info (12023): Found entity 1: tx_controller
Info (12021): Found 1 design units, including 1 entities, in source file /elec473/projects/elec473_assignment1/tx_baud_counter/tx_baud_counter.v
    Info (12023): Found entity 1: tx_baud_counter
Info (12021): Found 1 design units, including 1 entities, in source file /elec473/projects/elec473_assignment1/tx_7segdecoder/tx_7segdecoder.v
    Info (12023): Found entity 1: tx_7segdecoder
Info (12021): Found 1 design units, including 1 entities, in source file tx_uart.bdf
    Info (12023): Found entity 1: tx_uart
Info (12127): Elaborating entity "tx_uart" for the top level hierarchy
Warning (275089): Not all bits in bus "KEY[3..0]" are used
Warning (275080): Converted elements in bus name "KEY" using legacy naming rules. Make any assignments on the new names, not on the original names.
    Warning (275081): Converted element name(s) from "KEY[0]" to "KEY0"
    Warning (275081): Converted element name(s) from "KEY[3]" to "KEY3"
Info (12128): Elaborating entity "tx_shift_register" for hierarchy "tx_shift_register:inst6"
Info (12128): Elaborating entity "tx_controller" for hierarchy "tx_controller:inst4"
Warning (10036): Verilog HDL or VHDL warning at tx_controller.v(10): object "count" assigned a value but never read
Info (12128): Elaborating entity "tx_single_pulser" for hierarchy "tx_single_pulser:inst"
Info (12128): Elaborating entity "tx_baud_counter" for hierarchy "tx_baud_counter:inst3"
Info (12128): Elaborating entity "tx_counter" for hierarchy "tx_counter:inst5"
Warning (10230): Verilog HDL assignment warning at tx_counter.v(24): truncated value with size 32 to match size of target (4)
Info (12128): Elaborating entity "tx_parity" for hierarchy "tx_parity:inst1"
Info (12128): Elaborating entity "tx_7segdecoder" for hierarchy "tx_7segdecoder:inst2"
Info (16010): Generating hard_block partition "hard_block:auto_generated_inst"
    Info (16011): Adding 0 node(s), including 0 DDIO, 0 PLL, 0 transceiver and 0 LCELL
Info (21057): Implemented 88 device resources after synthesis - the final resource count might be different
    Info (21058): Implemented 10 input pins
    Info (21059): Implemented 19 output pins
    Info (21061): Implemented 59 logic cells
Info: Quartus II 64-Bit Analysis & Synthesis was successful. 0 errors, 6 warnings
    Info: Peak virtual memory: 4611 megabytes
    Info: Processing ended: Thu Nov 23 14:16:21 2023
    Info: Elapsed time: 00:00:02
    Info: Total CPU time (on all processors): 00:00:01


