Flow report for tx_shift_register
Tue Nov 21 15:38:23 2023
Quartus II 64-Bit Version 13.0.1 Build 232 06/12/2013 Service Pack 1 SJ Full Version


---------------------
; Table of Contents ;
---------------------
  1. Legal Notice
  2. Flow Summary
  3. Flow Settings
  4. Flow Non-Default Global Settings
  5. Flow Elapsed Time
  6. Flow OS Summary
  7. Flow Log
  8. Flow Messages
  9. Flow Suppressed Messages



----------------
; Legal Notice ;
----------------
Copyright (C) 1991-2013 Altera Corporation
Your use of Altera Corporation's design tools, logic functions 
and other software and tools, and its AMPP partner logic 
functions, and any output files from any of the foregoing 
(including device programming or simulation files), and any 
associated documentation or information are expressly subject 
to the terms and conditions of the Altera Program License 
Subscription Agreement, Altera MegaCore Function License 
Agreement, or other applicable license agreement, including, 
without limitation, that your use is for the sole purpose of 
programming logic devices manufactured by Altera and sold by 
Altera or its authorized distributors.  Please refer to the 
applicable agreement for further details.



+---------------------------------------------------------------------------------------+
; Flow Summary                                                                          ;
+------------------------------------+--------------------------------------------------+
; Flow Status                        ; Successful - Tue Nov 21 15:38:23 2023            ;
; Quartus II 64-Bit Version          ; 13.0.1 Build 232 06/12/2013 SP 1 SJ Full Version ;
; Revision Name                      ; tx_shift_register                                ;
; Top-level Entity Name              ; tx_shift_register                                ;
; Family                             ; Cyclone II                                       ;
; Device                             ; EP2C35F672C6                                     ;
; Timing Models                      ; Final                                            ;
; Total logic elements               ; 14 / 33,216 ( < 1 % )                            ;
;     Total combinational functions  ; 13 / 33,216 ( < 1 % )                            ;
;     Dedicated logic registers      ; 12 / 33,216 ( < 1 % )                            ;
; Total registers                    ; 12                                               ;
; Total pins                         ; 16 / 475 ( 3 % )                                 ;
; Total virtual pins                 ; 0                                                ;
; Total memory bits                  ; 0 / 483,840 ( 0 % )                              ;
; Embedded Multiplier 9-bit elements ; 0 / 70 ( 0 % )                                   ;
; Total PLLs                         ; 0 / 4 ( 0 % )                                    ;
+------------------------------------+--------------------------------------------------+


+-----------------------------------------+
; Flow Settings                           ;
+-------------------+---------------------+
; Option            ; Setting             ;
+-------------------+---------------------+
; Start date & time ; 11/21/2023 15:32:48 ;
; Main task         ; Compilation         ;
; Revision Name     ; tx_shift_register   ;
+-------------------+---------------------+


+----------------------------------------------------------------------------------------------------------------------+
; Flow Non-Default Global Settings                                                                                     ;
+-------------------------------------+---------------------------------+---------------+-------------+----------------+
; Assignment Name                     ; Value                           ; Default Value ; Entity Name ; Section Id     ;
+-------------------------------------+---------------------------------+---------------+-------------+----------------+
; COMPILER_SIGNATURE_ID               ; 220292345572581.170058076820816 ; --            ; --          ; --             ;
; EDA_GENERATE_FUNCTIONAL_NETLIST     ; On                              ; --            ; --          ; eda_simulation ;
; EDA_OUTPUT_DATA_FORMAT              ; Verilog Hdl                     ; --            ; --          ; eda_simulation ;
; EDA_SIMULATION_TOOL                 ; ModelSim-Altera (Verilog)       ; <None>        ; --          ; --             ;
; MAX_CORE_JUNCTION_TEMP              ; 85                              ; --            ; --          ; --             ;
; MIN_CORE_JUNCTION_TEMP              ; 0                               ; --            ; --          ; --             ;
; PARTITION_COLOR                     ; 16764057                        ; --            ; --          ; Top            ;
; PARTITION_FITTER_PRESERVATION_LEVEL ; PLACEMENT_AND_ROUTING           ; --            ; --          ; Top            ;
; PARTITION_NETLIST_TYPE              ; SOURCE                          ; --            ; --          ; Top            ;
; PROJECT_OUTPUT_DIRECTORY            ; output_files                    ; --            ; --          ; --             ;
+-------------------------------------+---------------------------------+---------------+-------------+----------------+


+-------------------------------------------------------------------------------------------------------------------------------+
; Flow Elapsed Time                                                                                                             ;
+---------------------------+--------------+-------------------------+---------------------+------------------------------------+
; Module Name               ; Elapsed Time ; Average Processors Used ; Peak Virtual Memory ; Total CPU Time (on all processors) ;
+---------------------------+--------------+-------------------------+---------------------+------------------------------------+
; Analysis & Synthesis      ; 00:00:01     ; 1.0                     ; 4593 MB             ; 00:00:01                           ;
; Fitter                    ; 00:00:03     ; 1.0                     ; 5603 MB             ; 00:00:06                           ;
; Assembler                 ; 00:00:02     ; 1.0                     ; 4560 MB             ; 00:00:01                           ;
; TimeQuest Timing Analyzer ; 00:00:01     ; 1.0                     ; 4571 MB             ; 00:00:00                           ;
; EDA Netlist Writer        ; 00:00:01     ; 1.0                     ; 4516 MB             ; 00:00:00                           ;
; EDA Netlist Writer        ; 00:00:01     ; 1.0                     ; 4524 MB             ; 00:00:00                           ;
; EDA Netlist Writer        ; 00:00:03     ; 1.0                     ; 4524 MB             ; 00:00:01                           ;
; EDA Netlist Writer        ; 00:00:01     ; 1.0                     ; 4524 MB             ; 00:00:00                           ;
; EDA Netlist Writer        ; 00:00:01     ; 1.0                     ; 4524 MB             ; 00:00:00                           ;
; EDA Netlist Writer        ; 00:00:01     ; 1.0                     ; 4524 MB             ; 00:00:00                           ;
; EDA Netlist Writer        ; 00:00:01     ; 1.0                     ; 4524 MB             ; 00:00:00                           ;
; Total                     ; 00:00:16     ; --                      ; --                  ; 00:00:09                           ;
+---------------------------+--------------+-------------------------+---------------------+------------------------------------+


+----------------------------------------------------------------------------------------+
; Flow OS Summary                                                                        ;
+---------------------------+------------------+-----------+------------+----------------+
; Module Name               ; Machine Hostname ; OS Name   ; OS Version ; Processor type ;
+---------------------------+------------------+-----------+------------+----------------+
; Analysis & Synthesis      ; EEE1-009         ; Windows 7 ; 6.2        ; x86_64         ;
; Fitter                    ; EEE1-009         ; Windows 7 ; 6.2        ; x86_64         ;
; Assembler                 ; EEE1-009         ; Windows 7 ; 6.2        ; x86_64         ;
; TimeQuest Timing Analyzer ; EEE1-009         ; Windows 7 ; 6.2        ; x86_64         ;
; EDA Netlist Writer        ; EEE1-009         ; Windows 7 ; 6.2        ; x86_64         ;
; EDA Netlist Writer        ; EEE1-009         ; Windows 7 ; 6.2        ; x86_64         ;
; EDA Netlist Writer        ; EEE1-009         ; Windows 7 ; 6.2        ; x86_64         ;
; EDA Netlist Writer        ; EEE1-009         ; Windows 7 ; 6.2        ; x86_64         ;
; EDA Netlist Writer        ; EEE1-009         ; Windows 7 ; 6.2        ; x86_64         ;
; EDA Netlist Writer        ; EEE1-009         ; Windows 7 ; 6.2        ; x86_64         ;
; EDA Netlist Writer        ; EEE1-009         ; Windows 7 ; 6.2        ; x86_64         ;
+---------------------------+------------------+-----------+------------+----------------+


------------
; Flow Log ;
------------
quartus_map --read_settings_files=on --write_settings_files=off tx_shift_register -c tx_shift_register
quartus_fit --read_settings_files=off --write_settings_files=off tx_shift_register -c tx_shift_register
quartus_asm --read_settings_files=off --write_settings_files=off tx_shift_register -c tx_shift_register
quartus_sta tx_shift_register -c tx_shift_register
quartus_eda --read_settings_files=off --write_settings_files=off tx_shift_register -c tx_shift_register
quartus_eda --gen_testbench --check_outputs=on --tool=modelsim_oem --format=verilog tx_shift_register -c tx_shift_register --vector_source=M:/ELEC473/projects/ELEC473_assignment1/tx_shift_register/tx_shift_register.vwf --testbench_file=./simulation/qsim/tx_shift_register.vt
quartus_eda --functional=on --simulation=on --tool=modelsim_oem --format=verilog tx_shift_register -c tx_shift_register
quartus_eda --gen_testbench --check_outputs=on --tool=modelsim_oem --format=verilog tx_shift_register -c tx_shift_register --vector_source=M:/ELEC473/projects/ELEC473_assignment1/tx_shift_register/tx_shift_register.vwf --testbench_file=./simulation/qsim/tx_shift_register.vt
quartus_eda --functional=on --simulation=on --tool=modelsim_oem --format=verilog tx_shift_register -c tx_shift_register
quartus_eda --gen_testbench --check_outputs=on --tool=modelsim_oem --format=verilog tx_shift_register -c tx_shift_register --vector_source=M:/ELEC473/projects/ELEC473_assignment1/tx_shift_register/tx_shift_register.vwf --testbench_file=./simulation/qsim/tx_shift_register.vt
quartus_eda --functional=on --simulation=on --tool=modelsim_oem --format=verilog tx_shift_register -c tx_shift_register



